# JRE version: Java(TM) SE Runtime Environment (8.0_192-b12) (build 1.8.0_192-b12)
# Java VM: Java HotSpot(TM) 64-Bit Server VM (25.192-b12 mixed mode windows-amd64 compressed oops)
Heap:
 PSYoungGen      total 228864K, used 38103K [0x000000076b380000, 0x0000000783980000, 0x00000007c0000000)
  eden space 214016K, 10% used [0x000000076b380000,0x000000076ca37338,0x0000000778480000)
  from space 14848K, 99% used [0x0000000778480000,0x00000007792fe8f0,0x0000000779300000)
  to   space 19456K, 0% used [0x0000000782680000,0x0000000782680000,0x0000000783980000)
 ParOldGen       total 112128K, used 17423K [0x00000006c1a00000, 0x00000006c8780000, 0x000000076b380000)
  object space 112128K, 15% used [0x00000006c1a00000,0x00000006c2b03d78,0x00000006c8780000)
 Metaspace       used 47828K, capacity 50656K, committed 50984K, reserved 1093632K
  class space    used 6663K, capacity 7166K, committed 7208K, reserved 1048576K
GC Heap History (10 events):
Event: 1.477 GC heap before
{Heap before GC invocations=5 (full 1):
 PSYoungGen      total 76288K, used 65536K [0x000000076b380000, 0x0000000774880000, 0x00000007c0000000)
  eden space 65536K, 100% used [0x000000076b380000,0x000000076f380000,0x000000076f380000)
  from space 10752K, 0% used [0x000000076f380000,0x000000076f380000,0x000000076fe00000)
  to   space 10752K, 0% used [0x0000000773e00000,0x0000000773e00000,0x0000000774880000)
 ParOldGen       total 80896K, used 5029K [0x00000006c1a00000, 0x00000006c6900000, 0x000000076b380000)
  object space 80896K, 6% used [0x00000006c1a00000,0x00000006c1ee95b8,0x00000006c6900000)
 Metaspace       used 21777K, capacity 23222K, committed 23424K, reserved 1069056K
  class space    used 2879K, capacity 3165K, committed 3200K, reserved 1048576K
Event: 1.479 GC heap after
Heap after GC invocations=5 (full 1):
 PSYoungGen      total 123392K, used 3277K [0x000000076b380000, 0x0000000774180000, 0x00000007c0000000)
  eden space 119808K, 0% used [0x000000076b380000,0x000000076b380000,0x0000000772880000)
  from space 3584K, 91% used [0x0000000773e00000,0x00000007741337d8,0x0000000774180000)
  to   space 10752K, 0% used [0x0000000772c80000,0x0000000772c80000,0x0000000773700000)
 ParOldGen       total 80896K, used 5029K [0x00000006c1a00000, 0x00000006c6900000, 0x000000076b380000)
  object space 80896K, 6% used [0x00000006c1a00000,0x00000006c1ee95b8,0x00000006c6900000)
 Metaspace       used 21777K, capacity 23222K, committed 23424K, reserved 1069056K
  class space    used 2879K, capacity 3165K, committed 3200K, reserved 1048576K
}
Event: 2.756 GC heap before
{Heap before GC invocations=6 (full 1):
 PSYoungGen      total 123392K, used 123085K [0x000000076b380000, 0x0000000774180000, 0x00000007c0000000)
  eden space 119808K, 100% used [0x000000076b380000,0x0000000772880000,0x0000000772880000)
  from space 3584K, 91% used [0x0000000773e00000,0x00000007741337d8,0x0000000774180000)
  to   space 10752K, 0% used [0x0000000772c80000,0x0000000772c80000,0x0000000773700000)
 ParOldGen       total 80896K, used 5029K [0x00000006c1a00000, 0x00000006c6900000, 0x000000076b380000)
  object space 80896K, 6% used [0x00000006c1a00000,0x00000006c1ee95b8,0x00000006c6900000)
 Metaspace       used 29526K, capacity 31410K, committed 31744K, reserved 1077248K
  class space    used 3900K, capacity 4267K, committed 4352K, reserved 1048576K
Event: 2.764 GC heap after
Heap after GC invocations=6 (full 1):
 PSYoungGen      total 134656K, used 10738K [0x000000076b380000, 0x000000077a200000, 0x00000007c0000000)
  eden space 123904K, 0% used [0x000000076b380000,0x000000076b380000,0x0000000772c80000)
  from space 10752K, 99% used [0x0000000772c80000,0x00000007736fc948,0x0000000773700000)
  to   space 15360K, 0% used [0x0000000779300000,0x0000000779300000,0x000000077a200000)
 ParOldGen       total 80896K, used 6493K [0x00000006c1a00000, 0x00000006c6900000, 0x000000076b380000)
  object space 80896K, 8% used [0x00000006c1a00000,0x00000006c20574c8,0x00000006c6900000)
 Metaspace       used 29526K, capacity 31410K, committed 31744K, reserved 1077248K
  class space    used 3900K, capacity 4267K, committed 4352K, reserved 1048576K
}
Event: 3.067 GC heap before
{Heap before GC invocations=7 (full 1):
 PSYoungGen      total 134656K, used 54506K [0x000000076b380000, 0x000000077a200000, 0x00000007c0000000)
  eden space 123904K, 35% used [0x000000076b380000,0x000000076de3e168,0x0000000772c80000)
  from space 10752K, 99% used [0x0000000772c80000,0x00000007736fc948,0x0000000773700000)
  to   space 15360K, 0% used [0x0000000779300000,0x0000000779300000,0x000000077a200000)
 ParOldGen       total 80896K, used 6493K [0x00000006c1a00000, 0x00000006c6900000, 0x000000076b380000)
  object space 80896K, 8% used [0x00000006c1a00000,0x00000006c20574c8,0x00000006c6900000)
 Metaspace       used 33408K, capacity 35474K, committed 35496K, reserved 1079296K
  class space    used 4369K, capacity 4761K, committed 4776K, reserved 1048576K
Event: 3.073 GC heap after
Heap after GC invocations=7 (full 1):
 PSYoungGen      total 229376K, used 9127K [0x000000076b380000, 0x000000077a480000, 0x00000007c0000000)
  eden space 214016K, 0% used [0x000000076b380000,0x000000076b380000,0x0000000778480000)
  from space 15360K, 59% used [0x0000000779300000,0x0000000779be9cc8,0x000000077a200000)
  to   space 14848K, 0% used [0x0000000778480000,0x0000000778480000,0x0000000779300000)
 ParOldGen       total 80896K, used 6501K [0x00000006c1a00000, 0x00000006c6900000, 0x000000076b380000)
  object space 80896K, 8% used [0x00000006c1a00000,0x00000006c20594c8,0x00000006c6900000)
 Metaspace       used 33408K, capacity 35474K, committed 35496K, reserved 1079296K
  class space    used 4369K, capacity 4761K, committed 4776K, reserved 1048576K
}
Event: 3.073 GC heap before
{Heap before GC invocations=8 (full 2):
 PSYoungGen      total 229376K, used 9127K [0x000000076b380000, 0x000000077a480000, 0x00000007c0000000)
  eden space 214016K, 0% used [0x000000076b380000,0x000000076b380000,0x0000000778480000)
  from space 15360K, 59% used [0x0000000779300000,0x0000000779be9cc8,0x000000077a200000)
  to   space 14848K, 0% used [0x0000000778480000,0x0000000778480000,0x0000000779300000)
 ParOldGen       total 80896K, used 6501K [0x00000006c1a00000, 0x00000006c6900000, 0x000000076b380000)
  object space 80896K, 8% used [0x00000006c1a00000,0x00000006c20594c8,0x00000006c6900000)
 Metaspace       used 33408K, capacity 35474K, committed 35496K, reserved 1079296K
  class space    used 4369K, capacity 4761K, committed 4776K, reserved 1048576K
Event: 3.104 GC heap after
Heap after GC invocations=8 (full 2):
 PSYoungGen      total 229376K, used 0K [0x000000076b380000, 0x000000077a480000, 0x00000007c0000000)
  eden space 214016K, 0% used [0x000000076b380000,0x000000076b380000,0x0000000778480000)
  from space 15360K, 0% used [0x0000000779300000,0x0000000779300000,0x000000077a200000)
  to   space 14848K, 0% used [0x0000000778480000,0x0000000778480000,0x0000000779300000)
 ParOldGen       total 112128K, used 13486K [0x00000006c1a00000, 0x00000006c8780000, 0x000000076b380000)
  object space 112128K, 12% used [0x00000006c1a00000,0x00000006c272bbc8,0x00000006c8780000)
 Metaspace       used 33408K, capacity 35474K, committed 35496K, reserved 1079296K
  class space    used 4369K, capacity 4761K, committed 4776K, reserved 1048576K
}
Event: 4.041 GC heap before
{Heap before GC invocations=9 (full 2):
 PSYoungGen      total 229376K, used 214016K [0x000000076b380000, 0x000000077a480000, 0x00000007c0000000)
  eden space 214016K, 100% used [0x000000076b380000,0x0000000778480000,0x0000000778480000)
  from space 15360K, 0% used [0x0000000779300000,0x0000000779300000,0x000000077a200000)
  to   space 14848K, 0% used [0x0000000778480000,0x0000000778480000,0x0000000779300000)
 ParOldGen       total 112128K, used 13486K [0x00000006c1a00000, 0x00000006c8780000, 0x000000076b380000)
  object space 112128K, 12% used [0x00000006c1a00000,0x00000006c272bbc8,0x00000006c8780000)
 Metaspace       used 47007K, capacity 49756K, committed 49832K, reserved 1091584K
  class space    used 6523K, capacity 7014K, committed 7080K, reserved 1048576K
Event: 4.056 GC heap after
Heap after GC invocations=9 (full 2):
 PSYoungGen      total 228864K, used 14842K [0x000000076b380000, 0x0000000783980000, 0x00000007c0000000)
  eden space 214016K, 0% used [0x000000076b380000,0x000000076b380000,0x0000000778480000)
  from space 14848K, 99% used [0x0000000778480000,0x00000007792fe8f0,0x0000000779300000)
  to   space 19456K, 0% used [0x0000000782680000,0x0000000782680000,0x0000000783980000)
 ParOldGen       total 112128K, used 17423K [0x00000006c1a00000, 0x00000006c8780000, 0x000000076b380000)
  object space 112128K, 15% used [0x00000006c1a00000,0x00000006c2b03d78,0x00000006c8780000)
 Metaspace       used 47007K, capacity 49756K, committed 49832K, reserved 1091584K
  class space    used 6523K, capacity 7014K, committed 7080K, reserved 1048576K
}

